[ 2017-03-14T22:32:34+08:00 ] 127.0.0.1 /favicon.ico
INFO: [ app_init ] --START--
INFO: Run Behavior\BuildLiteBehavior [ RunTime:0.000029s ]
INFO: [ app_init ] --END-- [ RunTime:0.015304s ]

[ 2017-03-14T22:34:59+08:00 ] 192.168.115.1 /
INFO: [ app_init ] --START--
INFO: Run Behavior\BuildLiteBehavior [ RunTime:0.000019s ]
INFO: [ app_init ] --END-- [ RunTime:0.000194s ]
INFO: [ app_begin ] --START--
INFO: Run Behavior\ReadHtmlCacheBehavior [ RunTime:0.008824s ]
INFO: [ app_begin ] --END-- [ RunTime:0.008887s ]
NOTIC: [2] session_start(): open(/var/lib/php/session/sess_c6t0n5ts4j9k26tj88gg5e7in6, O_RDWR) failed: Permission denied (13) /home/dengfan/shop/ThinkPHP/Common/functions.php 第 1421 行.
INFO: [ view_parse ] --START--
INFO: Run Behavior\ParseTemplateBehavior [ RunTime:0.028577s ]
INFO: [ view_parse ] --END-- [ RunTime:0.028732s ]
INFO: [ view_filter ] --START--
INFO: Run Behavior\WriteHtmlCacheBehavior [ RunTime:0.001347s ]
INFO: [ view_filter ] --END-- [ RunTime:0.001435s ]
INFO: [ app_end ] --START--
INFO: Run Behavior\ShowPageTraceBehavior [ RunTime:0.019422s ]
INFO: [ app_end ] --END-- [ RunTime:0.019495s ]

[ 2017-03-14T22:34:59+08:00 ] 192.168.115.1 /favicon.ico
INFO: [ app_init ] --START--
INFO: Run Behavior\BuildLiteBehavior [ RunTime:0.000033s ]
INFO: [ app_init ] --END-- [ RunTime:0.000302s ]

[ 2017-03-14T22:39:27+08:00 ] 192.168.115.1 /Supplier/index
INFO: [ app_init ] --START--
INFO: Run Behavior\BuildLiteBehavior [ RunTime:0.000028s ]
INFO: [ app_init ] --END-- [ RunTime:0.000414s ]
INFO: [ app_begin ] --START--
INFO: Run Behavior\ReadHtmlCacheBehavior [ RunTime:0.000109s ]
INFO: [ app_begin ] --END-- [ RunTime:0.000172s ]
NOTIC: [2] session_start(): open(/var/lib/php/session/sess_c6t0n5ts4j9k26tj88gg5e7in6, O_RDWR) failed: Permission denied (13) /home/dengfan/shop/ThinkPHP/Common/functions.php 第 1421 行.
ERR: 模板不存在:/home/dengfan/shop/admin.shop.com/Application/Admin/View/Supplier/index.html

[ 2017-03-14T22:40:16+08:00 ] 192.168.115.1 /Supplier/index
INFO: [ app_init ] --START--
INFO: Run Behavior\BuildLiteBehavior [ RunTime:0.000022s ]
INFO: [ app_init ] --END-- [ RunTime:0.000190s ]
INFO: [ app_begin ] --START--
INFO: Run Behavior\ReadHtmlCacheBehavior [ RunTime:0.000069s ]
INFO: [ app_begin ] --END-- [ RunTime:0.000109s ]
NOTIC: [2] session_start(): open(/var/lib/php/session/sess_c6t0n5ts4j9k26tj88gg5e7in6, O_RDWR) failed: Permission denied (13) /home/dengfan/shop/ThinkPHP/Common/functions.php 第 1421 行.
INFO: [ view_parse ] --START--
INFO: [ template_filter ] --START--
INFO: Run Behavior\ContentReplaceBehavior [ RunTime:0.007978s ]
INFO: [ template_filter ] --END-- [ RunTime:0.008053s ]
INFO: Run Behavior\ParseTemplateBehavior [ RunTime:0.104247s ]
INFO: [ view_parse ] --END-- [ RunTime:0.104307s ]
INFO: [ view_filter ] --START--
INFO: Run Behavior\WriteHtmlCacheBehavior [ RunTime:0.000061s ]
INFO: [ view_filter ] --END-- [ RunTime:0.000089s ]
INFO: [ app_end ] --START--
INFO: Run Behavior\ShowPageTraceBehavior [ RunTime:0.000053s ]
INFO: [ app_end ] --END-- [ RunTime:0.000086s ]

[ 2017-03-14T22:40:16+08:00 ] 192.168.115.1 /Supplier/styles/general.css
INFO: [ app_init ] --START--
INFO: Run Behavior\BuildLiteBehavior [ RunTime:0.000019s ]
INFO: [ app_init ] --END-- [ RunTime:0.000187s ]
INFO: [ app_begin ] --START--
INFO: Run Behavior\ReadHtmlCacheBehavior [ RunTime:0.000081s ]
INFO: [ app_begin ] --END-- [ RunTime:0.000158s ]
NOTIC: [2] session_start(): open(/var/lib/php/session/sess_c6t0n5ts4j9k26tj88gg5e7in6, O_RDWR) failed: Permission denied (13) /home/dengfan/shop/ThinkPHP/Common/functions.php 第 1421 行.
ERR: 无法加载控制器:404

[ 2017-03-14T22:40:16+08:00 ] 192.168.115.1 /Supplier/styles/main.css
INFO: [ app_init ] --START--
INFO: Run Behavior\BuildLiteBehavior [ RunTime:0.000012s ]
INFO: [ app_init ] --END-- [ RunTime:0.000070s ]
INFO: [ app_begin ] --START--
INFO: Run Behavior\ReadHtmlCacheBehavior [ RunTime:0.000092s ]
INFO: [ app_begin ] --END-- [ RunTime:0.000134s ]
NOTIC: [2] session_start(): open(/var/lib/php/session/sess_c6t0n5ts4j9k26tj88gg5e7in6, O_RDWR) failed: Permission denied (13) /home/dengfan/shop/ThinkPHP/Common/functions.php 第 1421 行.
ERR: 无法加载控制器:404

[ 2017-03-14T22:40:16+08:00 ] 192.168.115.1 /Supplier/images/icon_search.gif
INFO: [ app_init ] --START--
INFO: Run Behavior\BuildLiteBehavior [ RunTime:0.000017s ]
INFO: [ app_init ] --END-- [ RunTime:0.000130s ]
INFO: [ app_begin ] --START--
INFO: Run Behavior\ReadHtmlCacheBehavior [ RunTime:0.000071s ]
INFO: [ app_begin ] --END-- [ RunTime:0.000129s ]
NOTIC: [2] session_start(): open(/var/lib/php/session/sess_c6t0n5ts4j9k26tj88gg5e7in6, O_RDWR) failed: Permission denied (13) /home/dengfan/shop/ThinkPHP/Common/functions.php 第 1421 行.
ERR: 无法加载控制器:404

[ 2017-03-14T22:40:16+08:00 ] 192.168.115.1 /Supplier/images/picflag.gif
INFO: [ app_init ] --START--
INFO: Run Behavior\BuildLiteBehavior [ RunTime:0.000016s ]
INFO: [ app_init ] --END-- [ RunTime:0.000134s ]
INFO: [ app_begin ] --START--
INFO: Run Behavior\ReadHtmlCacheBehavior [ RunTime:0.000307s ]
INFO: [ app_begin ] --END-- [ RunTime:0.000378s ]
NOTIC: [2] session_start(): open(/var/lib/php/session/sess_c6t0n5ts4j9k26tj88gg5e7in6, O_RDWR) failed: Permission denied (13) /home/dengfan/shop/ThinkPHP/Common/functions.php 第 1421 行.
ERR: 无法加载控制器:404

[ 2017-03-14T22:40:16+08:00 ] 192.168.115.1 /Supplier/images/yes.gif
INFO: [ app_init ] --START--
INFO: Run Behavior\BuildLiteBehavior [ RunTime:0.000016s ]
INFO: [ app_init ] --END-- [ RunTime:0.000196s ]
INFO: [ app_begin ] --START--
INFO: Run Behavior\ReadHtmlCacheBehavior [ RunTime:0.000110s ]
INFO: [ app_begin ] --END-- [ RunTime:0.000195s ]
NOTIC: [2] session_start(): open(/var/lib/php/session/sess_c6t0n5ts4j9k26tj88gg5e7in6, O_RDWR) failed: Permission denied (13) /home/dengfan/shop/ThinkPHP/Common/functions.php 第 1421 行.
ERR: 无法加载控制器:404

[ 2017-03-14T22:46:01+08:00 ] 192.168.115.1 /
INFO: [ app_init ] --START--
INFO: Run Behavior\BuildLiteBehavior [ RunTime:0.000014s ]
INFO: [ app_init ] --END-- [ RunTime:0.000118s ]
INFO: [ app_begin ] --START--
INFO: Run Behavior\ReadHtmlCacheBehavior [ RunTime:0.000072s ]
INFO: [ app_begin ] --END-- [ RunTime:0.000124s ]
NOTIC: [2] session_start(): open(/var/lib/php/session/sess_c6t0n5ts4j9k26tj88gg5e7in6, O_RDWR) failed: Permission denied (13) /home/dengfan/shop/ThinkPHP/Common/functions.php 第 1421 行.
INFO: [ view_parse ] --START--
INFO: Run Behavior\ParseTemplateBehavior [ RunTime:0.000089s ]
INFO: [ view_parse ] --END-- [ RunTime:0.000133s ]
INFO: [ view_filter ] --START--
INFO: Run Behavior\WriteHtmlCacheBehavior [ RunTime:0.000043s ]
INFO: [ view_filter ] --END-- [ RunTime:0.000073s ]
INFO: [ app_end ] --START--
INFO: Run Behavior\ShowPageTraceBehavior [ RunTime:0.000053s ]
INFO: [ app_end ] --END-- [ RunTime:0.000081s ]

[ 2017-03-14T22:56:18+08:00 ] 192.168.115.1 /Supplier/index
INFO: [ app_init ] --START--
INFO: Run Behavior\BuildLiteBehavior [ RunTime:0.000020s ]
INFO: [ app_init ] --END-- [ RunTime:0.000252s ]
INFO: [ app_begin ] --START--
INFO: Run Behavior\ReadHtmlCacheBehavior [ RunTime:0.000066s ]
INFO: [ app_begin ] --END-- [ RunTime:0.000121s ]
NOTIC: [2] session_start(): open(/var/lib/php/session/sess_c6t0n5ts4j9k26tj88gg5e7in6, O_RDWR) failed: Permission denied (13) /home/dengfan/shop/ThinkPHP/Common/functions.php 第 1421 行.
INFO: [ view_parse ] --START--
INFO: [ template_filter ] --START--
INFO: Run Behavior\ContentReplaceBehavior [ RunTime:0.000169s ]
INFO: [ template_filter ] --END-- [ RunTime:0.000221s ]
INFO: Run Behavior\ParseTemplateBehavior [ RunTime:0.009817s ]
INFO: [ view_parse ] --END-- [ RunTime:0.009868s ]
INFO: [ view_filter ] --START--
INFO: Run Behavior\WriteHtmlCacheBehavior [ RunTime:0.000054s ]
INFO: [ view_filter ] --END-- [ RunTime:0.000079s ]
INFO: [ app_end ] --START--
INFO: Run Behavior\ShowPageTraceBehavior [ RunTime:0.000074s ]
INFO: [ app_end ] --END-- [ RunTime:0.000111s ]

[ 2017-03-14T22:59:06+08:00 ] 192.168.115.1 /Supplier/index
INFO: [ app_init ] --START--
INFO: Run Behavior\BuildLiteBehavior [ RunTime:0.000015s ]
INFO: [ app_init ] --END-- [ RunTime:0.000090s ]
INFO: [ app_begin ] --START--
INFO: Run Behavior\ReadHtmlCacheBehavior [ RunTime:0.000076s ]
INFO: [ app_begin ] --END-- [ RunTime:0.000132s ]
NOTIC: [2] session_start(): open(/var/lib/php/session/sess_c6t0n5ts4j9k26tj88gg5e7in6, O_RDWR) failed: Permission denied (13) /home/dengfan/shop/ThinkPHP/Common/functions.php 第 1421 行.
INFO: [ view_parse ] --START--
INFO: [ template_filter ] --START--
INFO: Run Behavior\ContentReplaceBehavior [ RunTime:0.000088s ]
INFO: [ template_filter ] --END-- [ RunTime:0.000151s ]
INFO: Run Behavior\ParseTemplateBehavior [ RunTime:0.008517s ]
INFO: [ view_parse ] --END-- [ RunTime:0.008794s ]
INFO: [ view_filter ] --START--
INFO: Run Behavior\WriteHtmlCacheBehavior [ RunTime:0.000067s ]
INFO: [ view_filter ] --END-- [ RunTime:0.000116s ]
INFO: [ app_end ] --START--
INFO: Run Behavior\ShowPageTraceBehavior [ RunTime:0.000090s ]
INFO: [ app_end ] --END-- [ RunTime:0.000128s ]

[ 2017-03-14T22:59:48+08:00 ] 192.168.115.1 /Supplier/index
INFO: [ app_init ] --START--
INFO: Run Behavior\BuildLiteBehavior [ RunTime:0.000018s ]
INFO: [ app_init ] --END-- [ RunTime:0.000144s ]
INFO: [ app_begin ] --START--
INFO: Run Behavior\ReadHtmlCacheBehavior [ RunTime:0.000081s ]
INFO: [ app_begin ] --END-- [ RunTime:0.000146s ]
NOTIC: [2] session_start(): open(/var/lib/php/session/sess_c6t0n5ts4j9k26tj88gg5e7in6, O_RDWR) failed: Permission denied (13) /home/dengfan/shop/ThinkPHP/Common/functions.php 第 1421 行.
INFO: [ view_parse ] --START--
INFO: [ template_filter ] --START--
INFO: Run Behavior\ContentReplaceBehavior [ RunTime:0.000089s ]
INFO: [ template_filter ] --END-- [ RunTime:0.000169s ]
INFO: Run Behavior\ParseTemplateBehavior [ RunTime:0.005250s ]
INFO: [ view_parse ] --END-- [ RunTime:0.005330s ]
INFO: [ view_filter ] --START--
INFO: Run Behavior\WriteHtmlCacheBehavior [ RunTime:0.000140s ]
INFO: [ view_filter ] --END-- [ RunTime:0.000190s ]
INFO: [ app_end ] --START--
INFO: Run Behavior\ShowPageTraceBehavior [ RunTime:0.000195s ]
INFO: [ app_end ] --END-- [ RunTime:0.000252s ]

[ 2017-03-14T23:00:34+08:00 ] 192.168.115.1 /Supplier/index
INFO: [ app_init ] --START--
INFO: Run Behavior\BuildLiteBehavior [ RunTime:0.000017s ]
INFO: [ app_init ] --END-- [ RunTime:0.000128s ]
INFO: [ app_begin ] --START--
INFO: Run Behavior\ReadHtmlCacheBehavior [ RunTime:0.000061s ]
INFO: [ app_begin ] --END-- [ RunTime:0.000112s ]
NOTIC: [2] session_start(): open(/var/lib/php/session/sess_c6t0n5ts4j9k26tj88gg5e7in6, O_RDWR) failed: Permission denied (13) /home/dengfan/shop/ThinkPHP/Common/functions.php 第 1421 行.
INFO: [ view_parse ] --START--
INFO: [ template_filter ] --START--
INFO: Run Behavior\ContentReplaceBehavior [ RunTime:0.000078s ]
INFO: [ template_filter ] --END-- [ RunTime:0.000147s ]
INFO: Run Behavior\ParseTemplateBehavior [ RunTime:0.004620s ]
INFO: [ view_parse ] --END-- [ RunTime:0.004690s ]
INFO: [ view_filter ] --START--
INFO: Run Behavior\WriteHtmlCacheBehavior [ RunTime:0.000063s ]
INFO: [ view_filter ] --END-- [ RunTime:0.000103s ]
INFO: [ app_end ] --START--
INFO: Run Behavior\ShowPageTraceBehavior [ RunTime:0.000081s ]
INFO: [ app_end ] --END-- [ RunTime:0.000143s ]

[ 2017-03-14T23:05:47+08:00 ] 192.168.115.1 /
INFO: [ app_init ] --START--
INFO: Run Behavior\BuildLiteBehavior [ RunTime:0.000109s ]
INFO: [ app_init ] --END-- [ RunTime:0.000371s ]
INFO: [ app_begin ] --START--
INFO: Run Behavior\ReadHtmlCacheBehavior [ RunTime:0.000140s ]
INFO: [ app_begin ] --END-- [ RunTime:0.000236s ]
NOTIC: [2] session_start(): open(/var/lib/php/session/sess_c6t0n5ts4j9k26tj88gg5e7in6, O_RDWR) failed: Permission denied (13) /home/dengfan/shop/ThinkPHP/Common/functions.php 第 1421 行.
INFO: [ view_parse ] --START--
INFO: Run Behavior\ParseTemplateBehavior [ RunTime:0.000231s ]
INFO: [ view_parse ] --END-- [ RunTime:0.000343s ]
INFO: [ view_filter ] --START--
INFO: Run Behavior\WriteHtmlCacheBehavior [ RunTime:0.000227s ]
INFO: [ view_filter ] --END-- [ RunTime:0.000331s ]
INFO: [ app_end ] --START--
INFO: Run Behavior\ShowPageTraceBehavior [ RunTime:0.000220s ]
INFO: [ app_end ] --END-- [ RunTime:0.000355s ]

[ 2017-03-14T23:09:45+08:00 ] 192.168.115.1 /Supplier/index
INFO: [ app_init ] --START--
INFO: Run Behavior\BuildLiteBehavior [ RunTime:0.000011s ]
INFO: [ app_init ] --END-- [ RunTime:0.000105s ]
INFO: [ app_begin ] --START--
INFO: Run Behavior\ReadHtmlCacheBehavior [ RunTime:0.000045s ]
INFO: [ app_begin ] --END-- [ RunTime:0.000081s ]
NOTIC: [2] session_start(): open(/var/lib/php/session/sess_c6t0n5ts4j9k26tj88gg5e7in6, O_RDWR) failed: Permission denied (13) /home/dengfan/shop/ThinkPHP/Common/functions.php 第 1421 行.
ERR: 无法加载数据库驱动: Think\Db\Driver\

[ 2017-03-14T23:11:57+08:00 ] 192.168.115.1 /Supplier/index
INFO: [ app_init ] --START--
INFO: Run Behavior\BuildLiteBehavior [ RunTime:0.000028s ]
INFO: [ app_init ] --END-- [ RunTime:0.000229s ]
INFO: [ app_begin ] --START--
INFO: Run Behavior\ReadHtmlCacheBehavior [ RunTime:0.000098s ]
INFO: [ app_begin ] --END-- [ RunTime:0.000191s ]
NOTIC: [2] session_start(): open(/var/lib/php/session/sess_c6t0n5ts4j9k26tj88gg5e7in6, O_RDWR) failed: Permission denied (13) /home/dengfan/shop/ThinkPHP/Common/functions.php 第 1421 行.
SQL: SHOW COLUMNS FROM `supplier` [ RunTime:6.8995s ]
SQL: SELECT * FROM `supplier`  [ RunTime:0.3124s ]
INFO: [ view_parse ] --START--
INFO: [ template_filter ] --START--
INFO: Run Behavior\ContentReplaceBehavior [ RunTime:0.000216s ]
INFO: [ template_filter ] --END-- [ RunTime:0.000348s ]
INFO: Run Behavior\ParseTemplateBehavior [ RunTime:0.325184s ]
INFO: [ view_parse ] --END-- [ RunTime:0.325292s ]
INFO: [ view_filter ] --START--
INFO: Run Behavior\WriteHtmlCacheBehavior [ RunTime:0.000109s ]
INFO: [ view_filter ] --END-- [ RunTime:0.000407s ]
INFO: [ app_end ] --START--
INFO: Run Behavior\ShowPageTraceBehavior [ RunTime:0.000253s ]
INFO: [ app_end ] --END-- [ RunTime:0.002369s ]

[ 2017-03-14T23:15:48+08:00 ] 192.168.115.1 /Supplier/index
INFO: [ app_init ] --START--
INFO: Run Behavior\BuildLiteBehavior [ RunTime:0.000030s ]
INFO: [ app_init ] --END-- [ RunTime:0.000366s ]
INFO: [ app_begin ] --START--
INFO: Run Behavior\ReadHtmlCacheBehavior [ RunTime:0.000135s ]
INFO: [ app_begin ] --END-- [ RunTime:0.000304s ]
NOTIC: [2] session_start(): open(/var/lib/php/session/sess_c6t0n5ts4j9k26tj88gg5e7in6, O_RDWR) failed: Permission denied (13) /home/dengfan/shop/ThinkPHP/Common/functions.php 第 1421 行.
SQL: SHOW COLUMNS FROM `supplier` [ RunTime:0.0017s ]
SQL: SELECT * FROM `supplier`  [ RunTime:0.0005s ]
INFO: [ view_parse ] --START--
INFO: [ template_filter ] --START--
INFO: Run Behavior\ContentReplaceBehavior [ RunTime:0.000073s ]
INFO: [ template_filter ] --END-- [ RunTime:0.000180s ]
INFO: Run Behavior\ParseTemplateBehavior [ RunTime:0.105922s ]
INFO: [ view_parse ] --END-- [ RunTime:0.105995s ]
INFO: [ view_filter ] --START--
INFO: Run Behavior\WriteHtmlCacheBehavior [ RunTime:0.000154s ]
INFO: [ view_filter ] --END-- [ RunTime:0.000196s ]
INFO: [ app_end ] --START--
INFO: Run Behavior\ShowPageTraceBehavior [ RunTime:0.000061s ]
INFO: [ app_end ] --END-- [ RunTime:0.000105s ]

[ 2017-03-14T23:18:24+08:00 ] 192.168.115.1 /Supplier/index
INFO: [ app_init ] --START--
INFO: Run Behavior\BuildLiteBehavior [ RunTime:0.000011s ]
INFO: [ app_init ] --END-- [ RunTime:0.006763s ]
INFO: [ app_begin ] --START--
INFO: Run Behavior\ReadHtmlCacheBehavior [ RunTime:0.000047s ]
INFO: [ app_begin ] --END-- [ RunTime:0.000082s ]
NOTIC: [2] session_start(): open(/var/lib/php/session/sess_c6t0n5ts4j9k26tj88gg5e7in6, O_RDWR) failed: Permission denied (13) /home/dengfan/shop/ThinkPHP/Common/functions.php 第 1421 行.
SQL: SHOW COLUMNS FROM `supplier` [ RunTime:0.0009s ]
SQL: SELECT * FROM `supplier`  [ RunTime:0.0002s ]
INFO: [ view_parse ] --START--
INFO: [ template_filter ] --START--
INFO: Run Behavior\ContentReplaceBehavior [ RunTime:0.000044s ]
INFO: [ template_filter ] --END-- [ RunTime:0.000088s ]
INFO: Run Behavior\ParseTemplateBehavior [ RunTime:0.003594s ]
INFO: [ view_parse ] --END-- [ RunTime:0.003652s ]
INFO: [ view_filter ] --START--
INFO: Run Behavior\WriteHtmlCacheBehavior [ RunTime:0.000046s ]
INFO: [ view_filter ] --END-- [ RunTime:0.000072s ]
INFO: [ app_end ] --START--
INFO: Run Behavior\ShowPageTraceBehavior [ RunTime:0.000046s ]
INFO: [ app_end ] --END-- [ RunTime:0.000077s ]

[ 2017-03-14T23:18:25+08:00 ] 192.168.115.1 /Public/Admin/images/1.gif
INFO: [ app_init ] --START--
INFO: Run Behavior\BuildLiteBehavior [ RunTime:0.000031s ]
INFO: [ app_init ] --END-- [ RunTime:0.000135s ]
INFO: [ app_begin ] --START--
INFO: Run Behavior\ReadHtmlCacheBehavior [ RunTime:0.000409s ]
INFO: [ app_begin ] --END-- [ RunTime:0.000627s ]
NOTIC: [2] session_start(): open(/var/lib/php/session/sess_c6t0n5ts4j9k26tj88gg5e7in6, O_RDWR) failed: Permission denied (13) /home/dengfan/shop/ThinkPHP/Common/functions.php 第 1421 行.
ERR: 无法加载控制器:404

[ 2017-03-14T23:19:03+08:00 ] 192.168.115.1 /Supplier/index
INFO: [ app_init ] --START--
INFO: Run Behavior\BuildLiteBehavior [ RunTime:0.000012s ]
INFO: [ app_init ] --END-- [ RunTime:0.000112s ]
INFO: [ app_begin ] --START--
INFO: Run Behavior\ReadHtmlCacheBehavior [ RunTime:0.000037s ]
INFO: [ app_begin ] --END-- [ RunTime:0.000070s ]
NOTIC: [2] session_start(): open(/var/lib/php/session/sess_c6t0n5ts4j9k26tj88gg5e7in6, O_RDWR) failed: Permission denied (13) /home/dengfan/shop/ThinkPHP/Common/functions.php 第 1421 行.
SQL: SHOW COLUMNS FROM `supplier` [ RunTime:0.0010s ]
SQL: SELECT * FROM `supplier`  [ RunTime:0.0003s ]
INFO: [ view_parse ] --START--
INFO: [ template_filter ] --START--
INFO: Run Behavior\ContentReplaceBehavior [ RunTime:0.000125s ]
INFO: [ template_filter ] --END-- [ RunTime:0.000195s ]
INFO: Run Behavior\ParseTemplateBehavior [ RunTime:0.017147s ]
INFO: [ view_parse ] --END-- [ RunTime:0.017196s ]
INFO: [ view_filter ] --START--
INFO: Run Behavior\WriteHtmlCacheBehavior [ RunTime:0.000072s ]
INFO: [ view_filter ] --END-- [ RunTime:0.000110s ]
INFO: [ app_end ] --START--
INFO: Run Behavior\ShowPageTraceBehavior [ RunTime:0.000041s ]
INFO: [ app_end ] --END-- [ RunTime:0.000071s ]

