[ 2017-05-06T14:55:01+08:00 ] 192.168.115.1 /
INFO: [ app_init ] --START--
INFO: Run Behavior\BuildLiteBehavior [ RunTime:0.000194s ]
INFO: [ app_init ] --END-- [ RunTime:0.000515s ]
INFO: [ app_begin ] --START--
INFO: Run Behavior\ReadHtmlCacheBehavior [ RunTime:0.002741s ]
INFO: [ app_begin ] --END-- [ RunTime:0.002824s ]
NOTIC: [2] session_start(): open(/var/lib/php/session/sess_t8mjoe0s1ciqur2obppr9toef5, O_RDWR) failed: Permission denied (13) /home/dengfan/shop/ThinkPHP/Common/functions.php 第 1421 行.
INFO: [ view_parse ] --START--
INFO: [ template_filter ] --START--
INFO: Run Behavior\ContentReplaceBehavior [ RunTime:0.000038s ]
INFO: [ template_filter ] --END-- [ RunTime:0.000091s ]
INFO: Run Behavior\ParseTemplateBehavior [ RunTime:0.109712s ]
INFO: [ view_parse ] --END-- [ RunTime:0.109760s ]
INFO: [ view_filter ] --START--
INFO: Run Behavior\WriteHtmlCacheBehavior [ RunTime:0.000389s ]
INFO: [ view_filter ] --END-- [ RunTime:0.000424s ]
INFO: [ app_end ] --START--
INFO: Run Behavior\ShowPageTraceBehavior [ RunTime:0.040862s ]
INFO: [ app_end ] --END-- [ RunTime:0.041023s ]

[ 2017-05-06T14:56:56+08:00 ] 192.168.115.1 /
INFO: [ app_init ] --START--
INFO: Run Behavior\BuildLiteBehavior [ RunTime:0.000020s ]
INFO: [ app_init ] --END-- [ RunTime:0.000196s ]
INFO: [ app_begin ] --START--
INFO: Run Behavior\ReadHtmlCacheBehavior [ RunTime:0.000078s ]
INFO: [ app_begin ] --END-- [ RunTime:0.000122s ]
NOTIC: [2] session_start(): open(/var/lib/php/session/sess_7ip1i5m0sjf61i5693v6kg6s97, O_RDWR) failed: Permission denied (13) /home/dengfan/shop/ThinkPHP/Common/functions.php 第 1421 行.
INFO: [ view_parse ] --START--
INFO: Run Behavior\ParseTemplateBehavior [ RunTime:0.000213s ]
INFO: [ view_parse ] --END-- [ RunTime:0.000258s ]
INFO: [ view_filter ] --START--
INFO: Run Behavior\WriteHtmlCacheBehavior [ RunTime:0.000043s ]
INFO: [ view_filter ] --END-- [ RunTime:0.000069s ]
INFO: [ app_end ] --START--
INFO: Run Behavior\ShowPageTraceBehavior [ RunTime:0.000045s ]
INFO: [ app_end ] --END-- [ RunTime:0.000073s ]

[ 2017-05-06T14:57:27+08:00 ] 192.168.115.1 /index.php
INFO: [ app_init ] --START--
INFO: Run Behavior\BuildLiteBehavior [ RunTime:0.000029s ]
INFO: [ app_init ] --END-- [ RunTime:0.000274s ]
INFO: [ app_begin ] --START--
INFO: Run Behavior\ReadHtmlCacheBehavior [ RunTime:0.000138s ]
INFO: [ app_begin ] --END-- [ RunTime:0.000188s ]
NOTIC: [2] session_start(): open(/var/lib/php/session/sess_7ip1i5m0sjf61i5693v6kg6s97, O_RDWR) failed: Permission denied (13) /home/dengfan/shop/ThinkPHP/Common/functions.php 第 1421 行.
INFO: [ view_parse ] --START--
INFO: Run Behavior\ParseTemplateBehavior [ RunTime:0.000110s ]
INFO: [ view_parse ] --END-- [ RunTime:0.000166s ]
INFO: [ view_filter ] --START--
INFO: Run Behavior\WriteHtmlCacheBehavior [ RunTime:0.000054s ]
INFO: [ view_filter ] --END-- [ RunTime:0.000089s ]
INFO: [ app_end ] --START--
INFO: Run Behavior\ShowPageTraceBehavior [ RunTime:0.000084s ]
INFO: [ app_end ] --END-- [ RunTime:0.000142s ]

[ 2017-05-06T14:58:38+08:00 ] 192.168.115.1 /index.php?c=supplier&a=index
INFO: [ app_init ] --START--
INFO: Run Behavior\BuildLiteBehavior [ RunTime:0.000013s ]
INFO: [ app_init ] --END-- [ RunTime:0.000105s ]
INFO: [ app_begin ] --START--
INFO: Run Behavior\ReadHtmlCacheBehavior [ RunTime:0.000069s ]
INFO: [ app_begin ] --END-- [ RunTime:0.000104s ]
NOTIC: [2] session_start(): open(/var/lib/php/session/sess_7ip1i5m0sjf61i5693v6kg6s97, O_RDWR) failed: Permission denied (13) /home/dengfan/shop/ThinkPHP/Common/functions.php 第 1421 行.
ERR: 无法加载控制器:Supplier

[ 2017-05-06T15:00:03+08:00 ] 192.168.115.1 /index.php?index/index
INFO: [ app_init ] --START--
INFO: Run Behavior\BuildLiteBehavior [ RunTime:0.000021s ]
INFO: [ app_init ] --END-- [ RunTime:0.000184s ]
INFO: [ app_begin ] --START--
INFO: Run Behavior\ReadHtmlCacheBehavior [ RunTime:0.000084s ]
INFO: [ app_begin ] --END-- [ RunTime:0.000127s ]
NOTIC: [2] session_start(): open(/var/lib/php/session/sess_7ip1i5m0sjf61i5693v6kg6s97, O_RDWR) failed: Permission denied (13) /home/dengfan/shop/ThinkPHP/Common/functions.php 第 1421 行.
INFO: [ view_parse ] --START--
INFO: Run Behavior\ParseTemplateBehavior [ RunTime:0.000098s ]
INFO: [ view_parse ] --END-- [ RunTime:0.000148s ]
INFO: [ view_filter ] --START--
INFO: Run Behavior\WriteHtmlCacheBehavior [ RunTime:0.000051s ]
INFO: [ view_filter ] --END-- [ RunTime:0.000081s ]
INFO: [ app_end ] --START--
INFO: Run Behavior\ShowPageTraceBehavior [ RunTime:0.000122s ]
INFO: [ app_end ] --END-- [ RunTime:0.000164s ]

[ 2017-05-06T15:00:07+08:00 ] 192.168.115.1 /index.php?index/index
INFO: [ app_init ] --START--
INFO: Run Behavior\BuildLiteBehavior [ RunTime:0.000018s ]
INFO: [ app_init ] --END-- [ RunTime:0.000218s ]
INFO: [ app_begin ] --START--
INFO: Run Behavior\ReadHtmlCacheBehavior [ RunTime:0.000070s ]
INFO: [ app_begin ] --END-- [ RunTime:0.000134s ]
NOTIC: [2] session_start(): open(/var/lib/php/session/sess_7ip1i5m0sjf61i5693v6kg6s97, O_RDWR) failed: Permission denied (13) /home/dengfan/shop/ThinkPHP/Common/functions.php 第 1421 行.
INFO: [ view_parse ] --START--
INFO: Run Behavior\ParseTemplateBehavior [ RunTime:0.000161s ]
INFO: [ view_parse ] --END-- [ RunTime:0.000254s ]
INFO: [ view_filter ] --START--
INFO: Run Behavior\WriteHtmlCacheBehavior [ RunTime:0.000057s ]
INFO: [ view_filter ] --END-- [ RunTime:0.000097s ]
INFO: [ app_end ] --START--
INFO: Run Behavior\ShowPageTraceBehavior [ RunTime:0.000050s ]
INFO: [ app_end ] --END-- [ RunTime:0.000092s ]

[ 2017-05-06T15:00:16+08:00 ] 192.168.115.1 /index.php?supplier/index
INFO: [ app_init ] --START--
INFO: Run Behavior\BuildLiteBehavior [ RunTime:0.000013s ]
INFO: [ app_init ] --END-- [ RunTime:0.000097s ]
INFO: [ app_begin ] --START--
INFO: Run Behavior\ReadHtmlCacheBehavior [ RunTime:0.000039s ]
INFO: [ app_begin ] --END-- [ RunTime:0.000072s ]
NOTIC: [2] session_start(): open(/var/lib/php/session/sess_7ip1i5m0sjf61i5693v6kg6s97, O_RDWR) failed: Permission denied (13) /home/dengfan/shop/ThinkPHP/Common/functions.php 第 1421 行.
INFO: [ view_parse ] --START--
INFO: Run Behavior\ParseTemplateBehavior [ RunTime:0.000072s ]
INFO: [ view_parse ] --END-- [ RunTime:0.000106s ]
INFO: [ view_filter ] --START--
INFO: Run Behavior\WriteHtmlCacheBehavior [ RunTime:0.000034s ]
INFO: [ view_filter ] --END-- [ RunTime:0.000061s ]
INFO: [ app_end ] --START--
INFO: Run Behavior\ShowPageTraceBehavior [ RunTime:0.000036s ]
INFO: [ app_end ] --END-- [ RunTime:0.000064s ]

[ 2017-05-06T15:00:18+08:00 ] 192.168.115.1 /index.php?supplier/index
INFO: [ app_init ] --START--
INFO: Run Behavior\BuildLiteBehavior [ RunTime:0.000030s ]
INFO: [ app_init ] --END-- [ RunTime:0.000207s ]
INFO: [ app_begin ] --START--
INFO: Run Behavior\ReadHtmlCacheBehavior [ RunTime:0.000094s ]
INFO: [ app_begin ] --END-- [ RunTime:0.000156s ]
NOTIC: [2] session_start(): open(/var/lib/php/session/sess_7ip1i5m0sjf61i5693v6kg6s97, O_RDWR) failed: Permission denied (13) /home/dengfan/shop/ThinkPHP/Common/functions.php 第 1421 行.
INFO: [ view_parse ] --START--
INFO: Run Behavior\ParseTemplateBehavior [ RunTime:0.000107s ]
INFO: [ view_parse ] --END-- [ RunTime:0.000327s ]
INFO: [ view_filter ] --START--
INFO: Run Behavior\WriteHtmlCacheBehavior [ RunTime:0.000079s ]
INFO: [ view_filter ] --END-- [ RunTime:0.000132s ]
INFO: [ app_end ] --START--
INFO: Run Behavior\ShowPageTraceBehavior [ RunTime:0.000079s ]
INFO: [ app_end ] --END-- [ RunTime:0.000262s ]

[ 2017-05-06T15:00:21+08:00 ] 192.168.115.1 /index.php?supplier/index
INFO: [ app_init ] --START--
INFO: Run Behavior\BuildLiteBehavior [ RunTime:0.000022s ]
INFO: [ app_init ] --END-- [ RunTime:0.000287s ]
INFO: [ app_begin ] --START--
INFO: Run Behavior\ReadHtmlCacheBehavior [ RunTime:0.000085s ]
INFO: [ app_begin ] --END-- [ RunTime:0.000181s ]
NOTIC: [2] session_start(): open(/var/lib/php/session/sess_7ip1i5m0sjf61i5693v6kg6s97, O_RDWR) failed: Permission denied (13) /home/dengfan/shop/ThinkPHP/Common/functions.php 第 1421 行.
INFO: [ view_parse ] --START--
INFO: Run Behavior\ParseTemplateBehavior [ RunTime:0.000225s ]
INFO: [ view_parse ] --END-- [ RunTime:0.000325s ]
INFO: [ view_filter ] --START--
INFO: Run Behavior\WriteHtmlCacheBehavior [ RunTime:0.000071s ]
INFO: [ view_filter ] --END-- [ RunTime:0.000132s ]
INFO: [ app_end ] --START--
INFO: Run Behavior\ShowPageTraceBehavior [ RunTime:0.000074s ]
INFO: [ app_end ] --END-- [ RunTime:0.000136s ]

[ 2017-05-06T15:00:22+08:00 ] 192.168.115.1 /index.php?supplier/index
INFO: [ app_init ] --START--
INFO: Run Behavior\BuildLiteBehavior [ RunTime:0.000023s ]
INFO: [ app_init ] --END-- [ RunTime:0.000148s ]
INFO: [ app_begin ] --START--
INFO: Run Behavior\ReadHtmlCacheBehavior [ RunTime:0.000070s ]
INFO: [ app_begin ] --END-- [ RunTime:0.000145s ]
NOTIC: [2] session_start(): open(/var/lib/php/session/sess_7ip1i5m0sjf61i5693v6kg6s97, O_RDWR) failed: Permission denied (13) /home/dengfan/shop/ThinkPHP/Common/functions.php 第 1421 行.
INFO: [ view_parse ] --START--
INFO: Run Behavior\ParseTemplateBehavior [ RunTime:0.000618s ]
INFO: [ view_parse ] --END-- [ RunTime:0.000916s ]
INFO: [ view_filter ] --START--
INFO: Run Behavior\WriteHtmlCacheBehavior [ RunTime:0.000099s ]
INFO: [ view_filter ] --END-- [ RunTime:0.000163s ]
INFO: [ app_end ] --START--
INFO: Run Behavior\ShowPageTraceBehavior [ RunTime:0.000093s ]
INFO: [ app_end ] --END-- [ RunTime:0.000159s ]

[ 2017-05-06T15:00:30+08:00 ] 192.168.115.1 /index.php?supplier/index
INFO: [ app_init ] --START--
INFO: Run Behavior\BuildLiteBehavior [ RunTime:0.000019s ]
INFO: [ app_init ] --END-- [ RunTime:0.000123s ]
INFO: [ app_begin ] --START--
INFO: Run Behavior\ReadHtmlCacheBehavior [ RunTime:0.000051s ]
INFO: [ app_begin ] --END-- [ RunTime:0.000100s ]
NOTIC: [2] session_start(): open(/var/lib/php/session/sess_7ip1i5m0sjf61i5693v6kg6s97, O_RDWR) failed: Permission denied (13) /home/dengfan/shop/ThinkPHP/Common/functions.php 第 1421 行.
INFO: [ view_parse ] --START--
INFO: Run Behavior\ParseTemplateBehavior [ RunTime:0.000090s ]
INFO: [ view_parse ] --END-- [ RunTime:0.000140s ]
INFO: [ view_filter ] --START--
INFO: Run Behavior\WriteHtmlCacheBehavior [ RunTime:0.000044s ]
INFO: [ view_filter ] --END-- [ RunTime:0.000082s ]
INFO: [ app_end ] --START--
INFO: Run Behavior\ShowPageTraceBehavior [ RunTime:0.000047s ]
INFO: [ app_end ] --END-- [ RunTime:0.000089s ]

[ 2017-05-06T15:02:14+08:00 ] 192.168.115.1 /
INFO: [ app_init ] --START--
INFO: Run Behavior\BuildLiteBehavior [ RunTime:0.000010s ]
INFO: [ app_init ] --END-- [ RunTime:0.000073s ]
INFO: [ app_begin ] --START--
INFO: Run Behavior\ReadHtmlCacheBehavior [ RunTime:0.000032s ]
INFO: [ app_begin ] --END-- [ RunTime:0.000063s ]
NOTIC: [2] session_start(): open(/var/lib/php/session/sess_bv1t4suaou3a7eh466ha3kvvj1, O_RDWR) failed: Permission denied (13) /home/dengfan/shop/ThinkPHP/Common/functions.php 第 1421 行.
INFO: [ view_parse ] --START--
INFO: Run Behavior\ParseTemplateBehavior [ RunTime:0.000081s ]
INFO: [ view_parse ] --END-- [ RunTime:0.000119s ]
INFO: [ view_filter ] --START--
INFO: Run Behavior\WriteHtmlCacheBehavior [ RunTime:0.000031s ]
INFO: [ view_filter ] --END-- [ RunTime:0.000055s ]
INFO: [ app_end ] --START--
INFO: Run Behavior\ShowPageTraceBehavior [ RunTime:0.000115s ]
INFO: [ app_end ] --END-- [ RunTime:0.000144s ]

[ 2017-05-06T15:02:27+08:00 ] 192.168.115.1 /?c=Supplier&a=index
INFO: [ app_init ] --START--
INFO: Run Behavior\BuildLiteBehavior [ RunTime:0.000012s ]
INFO: [ app_init ] --END-- [ RunTime:0.000085s ]
INFO: [ app_begin ] --START--
INFO: Run Behavior\ReadHtmlCacheBehavior [ RunTime:0.000036s ]
INFO: [ app_begin ] --END-- [ RunTime:0.000064s ]
NOTIC: [2] session_start(): open(/var/lib/php/session/sess_bv1t4suaou3a7eh466ha3kvvj1, O_RDWR) failed: Permission denied (13) /home/dengfan/shop/ThinkPHP/Common/functions.php 第 1421 行.
ERR: 无法加载控制器:Supplier

[ 2017-05-06T15:02:33+08:00 ] 192.168.115.1 /?c=Supplier&a=index
INFO: [ app_init ] --START--
INFO: Run Behavior\BuildLiteBehavior [ RunTime:0.000020s ]
INFO: [ app_init ] --END-- [ RunTime:0.000139s ]
INFO: [ app_begin ] --START--
INFO: Run Behavior\ReadHtmlCacheBehavior [ RunTime:0.000132s ]
INFO: [ app_begin ] --END-- [ RunTime:0.000204s ]
NOTIC: [2] session_start(): open(/var/lib/php/session/sess_bv1t4suaou3a7eh466ha3kvvj1, O_RDWR) failed: Permission denied (13) /home/dengfan/shop/ThinkPHP/Common/functions.php 第 1421 行.
ERR: 无法加载控制器:Supplier

[ 2017-05-06T15:02:38+08:00 ] 192.168.115.1 /?c=Supplier&a=index
INFO: [ app_init ] --START--
INFO: Run Behavior\BuildLiteBehavior [ RunTime:0.000025s ]
INFO: [ app_init ] --END-- [ RunTime:0.000187s ]
INFO: [ app_begin ] --START--
INFO: Run Behavior\ReadHtmlCacheBehavior [ RunTime:0.000089s ]
INFO: [ app_begin ] --END-- [ RunTime:0.000175s ]
NOTIC: [2] session_start(): open(/var/lib/php/session/sess_bv1t4suaou3a7eh466ha3kvvj1, O_RDWR) failed: Permission denied (13) /home/dengfan/shop/ThinkPHP/Common/functions.php 第 1421 行.
ERR: 无法加载控制器:Supplier

[ 2017-05-06T15:03:03+08:00 ] 192.168.115.1 /?c=Supplier&a=index
INFO: [ app_init ] --START--
INFO: Run Behavior\BuildLiteBehavior [ RunTime:0.000029s ]
INFO: [ app_init ] --END-- [ RunTime:0.000204s ]
INFO: [ app_begin ] --START--
INFO: Run Behavior\ReadHtmlCacheBehavior [ RunTime:0.000095s ]
INFO: [ app_begin ] --END-- [ RunTime:0.000286s ]
NOTIC: [2] session_start(): open(/var/lib/php/session/sess_bv1t4suaou3a7eh466ha3kvvj1, O_RDWR) failed: Permission denied (13) /home/dengfan/shop/ThinkPHP/Common/functions.php 第 1421 行.
ERR: 无法加载控制器:Supplier

[ 2017-05-06T15:03:09+08:00 ] 192.168.115.1 /index.php?c=Supplier&a=index
INFO: [ app_init ] --START--
INFO: Run Behavior\BuildLiteBehavior [ RunTime:0.000016s ]
INFO: [ app_init ] --END-- [ RunTime:0.000117s ]
INFO: [ app_begin ] --START--
INFO: Run Behavior\ReadHtmlCacheBehavior [ RunTime:0.000050s ]
INFO: [ app_begin ] --END-- [ RunTime:0.000092s ]
NOTIC: [2] session_start(): open(/var/lib/php/session/sess_bv1t4suaou3a7eh466ha3kvvj1, O_RDWR) failed: Permission denied (13) /home/dengfan/shop/ThinkPHP/Common/functions.php 第 1421 行.
ERR: 无法加载控制器:Supplier

[ 2017-05-06T15:03:15+08:00 ] 192.168.115.1 /index.php?c=Supplier&a=index
INFO: [ app_init ] --START--
INFO: Run Behavior\BuildLiteBehavior [ RunTime:0.000012s ]
INFO: [ app_init ] --END-- [ RunTime:0.000102s ]
INFO: [ app_begin ] --START--
INFO: Run Behavior\ReadHtmlCacheBehavior [ RunTime:0.000123s ]
INFO: [ app_begin ] --END-- [ RunTime:0.000168s ]
NOTIC: [2] session_start(): open(/var/lib/php/session/sess_bv1t4suaou3a7eh466ha3kvvj1, O_RDWR) failed: Permission denied (13) /home/dengfan/shop/ThinkPHP/Common/functions.php 第 1421 行.
ERR: 无法加载控制器:Supplier

